<?xml version="1.0" encoding="UTF-8"?>
<!-- Generated by org.testng.reporters.JUnitReportReporter -->
<testsuite hostname="MaÃ©va" failures="0" tests="2" name="testCloudBankSelenium.test2" time="23.129" errors="0" timestamp="2024-02-28T15:39:07 WAT" skipped="0">
  <testcase classname="testCloudBankSelenium.test2" name="login" time="0.666"/>
  <testcase classname="testCloudBankSelenium.test2" name="CreationCompteGestion" time="22.463"/>
</testsuite> <!-- testCloudBankSelenium.test2 -->
